2022/05/27 22:10:50 ç¨‹åºè¿è¡Œè·¯å¾„:/www/wwwroot/MgHash
2022/05/27 22:10:50 24922 : å¯åŠ¨å­è¿›ç¨‹æˆåŠŸ: -> 24927 
 
2022/05/27 22:10:50 ç¨‹åºè¿è¡Œè·¯å¾„:/www/wwwroot/MgHash
2022/05/27 22:10:50 å­è¿›ç¨‹pid=24927: å¼€å§‹è¿è¡Œ...
å€¼:MgHashè¯»å–é…ç½®æˆåŠŸ
æ•°æ®åº“å·²ç»å­˜åœ¨äº†!
æ•°æ®åº“å·²ç»å­˜åœ¨äº†!
æ•°æ®åº“å·²ç»å­˜åœ¨äº†!
æ•°æ®åº“å·²ç»å­˜åœ¨äº†!
æ•°æ®åº“å·²ç»å­˜åœ¨äº†!
æ•°æ®åº“å·²ç»å­˜åœ¨äº†!
[GIN-debug] [WARNING] Running in "debug" mode. Switch to "release" mode in production.
 - using env:	export GIN_MODE=release
 - using code:	gin.SetMode(gin.ReleaseMode)

[GIN-debug] GET    /static/*filepath         --> github.com/gin-gonic/gin.(*RouterGroup).createStaticHandler.func1 (5 handlers)
[GIN-debug] HEAD   /static/*filepath         --> github.com/gin-gonic/gin.(*RouterGroup).createStaticHandler.func1 (5 handlers)
[GIN-debug] GET    /transactions             --> github.com/wangyi/MgHash/controller.Transactions (5 handlers)
[GIN-debug] GET    /GetTransactionInfoById   --> github.com/wangyi/MgHash/controller.GetTransactionInfoById (5 handlers)
[GIN-debug] GET    /SetPlay                  --> github.com/wangyi/MgHash/controller.SetPlay (5 handlers)
[GIN-debug] GET    /GetRecord                --> github.com/wangyi/MgHash/controller.GetRecord (5 handlers)
[GIN-debug] POST   /testApi                  --> github.com/wangyi/MgHash/controller.ReceivePush (5 handlers)
[GIN-debug] POST   /ReceivePush              --> github.com/wangyi/MgHash/controller.ReceivePush (5 handlers)
[GIN-debug] GET    /SetEverydayStatistics    --> github.com/wangyi/MgHash/controller.SetEverydayStatistics (5 handlers)
[GIN-debug] GET    /GetEverydayStatistics    --> github.com/wangyi/MgHash/controller.GetEverydayStatistics (5 handlers)
[GIN-debug] GET    /GetUsers                 --> github.com/wangyi/MgHash/controller.GetUsers (5 handlers)
[GIN-debug] GET    /web_api/register         --> github.com/wangyi/MgHash/controller/web_api.Register (5 handlers)
[GIN-debug] GET    /web_api/login            --> github.com/wangyi/MgHash/controller/web_api.Login (5 handlers)
[GIN-debug] GET    /web_api/getConfig        --> github.com/wangyi/MgHash/controller/web_api.GetConfig (5 handlers)
[GIN-debug] GET    /web_api/eeaMoney         --> github.com/wangyi/MgHash/controller/web_api.EeaMoney (5 handlers)
[GIN-debug] GET    /web_api/getBetsList      --> github.com/wangyi/MgHash/controller/web_api.GetBetsList (5 handlers)
[GIN-debug] GET    /web_api/myInvite         --> github.com/wangyi/MgHash/controller/web_api.MyInvite (5 handlers)
[GIN-debug] [WARNING] You trusted all proxies, this is NOT safe. We recommend you to set a value.
Please check https://pkg.go.dev/github.com/gin-gonic/gin#readme-don-t-trust-all-proxies for details.
[GIN-debug] Environment variable PORT is undefined. Using port :8080 by default
[GIN-debug] Listening and serving HTTP on :8080
--

[35m(/www/wwwroot/MgHash/controller/web_api/user.go:132)[0m 
[33m[2022-05-27 23:37:36][0m [31;1m sql: Scan error on column index 5, name "money": converting driver.Value type []uint8 ("100.00") to a int64: invalid syntax [0m
2022/05/27 23:38:57 ç¨‹åºè¿è¡Œè·¯å¾„:/www/wwwroot/MgHash
2022/05/27 23:38:57 30263 : å¯åŠ¨å­è¿›ç¨‹æˆåŠŸ: -> 30268 
 
2022/05/27 23:38:57 ç¨‹åºè¿è¡Œè·¯å¾„:/www/wwwroot/MgHash
2022/05/27 23:38:57 å­è¿›ç¨‹pid=30268: å¼€å§‹è¿è¡Œ...
å€¼:MgHashè¯»å–é…ç½®æˆåŠŸ
æ•°æ®åº“å·²ç»å­˜åœ¨äº†!
æ•°æ®åº“å·²ç»å­˜åœ¨äº†!
æ•°æ®åº“å·²ç»å­˜åœ¨äº†!
æ•°æ®åº“å·²ç»å­˜åœ¨äº†!
æ•°æ®åº“å·²ç»å­˜åœ¨äº†!
æ•°æ®åº“å·²ç»å­˜åœ¨äº†!
[GIN-debug] [WARNING] Running in "debug" mode. Switch to "release" mode in production.
 - using env:	export GIN_MODE=release
 - using code:	gin.SetMode(gin.ReleaseMode)

[GIN-debug] GET    /static/*filepath         --> github.com/gin-gonic/gin.(*RouterGroup).createStaticHandler.func1 (5 handlers)
[GIN-debug] HEAD   /static/*filepath         --> github.com/gin-gonic/gin.(*RouterGroup).createStaticHandler.func1 (5 handlers)
[GIN-debug] GET    /transactions             --> github.com/wangyi/MgHash/controller.Transactions (5 handlers)
[GIN-debug] GET    /GetTransactionInfoById   --> github.com/wangyi/MgHash/controller.GetTransactionInfoById (5 handlers)
[GIN-debug] GET    /SetPlay                  --> github.com/wangyi/MgHash/controller.SetPlay (5 handlers)
[GIN-debug] GET    /GetRecord                --> github.com/wangyi/MgHash/controller.GetRecord (5 handlers)
[GIN-debug] POST   /testApi                  --> github.com/wangyi/MgHash/controller.ReceivePush (5 handlers)
[GIN-debug] POST   /ReceivePush              --> github.com/wangyi/MgHash/controller.ReceivePush (5 handlers)
[GIN-debug] GET    /SetEverydayStatistics    --> github.com/wangyi/MgHash/controller.SetEverydayStatistics (5 handlers)
[GIN-debug] GET    /GetEverydayStatistics    --> github.com/wangyi/MgHash/controller.GetEverydayStatistics (5 handlers)
[GIN-debug] GET    /GetUsers                 --> github.com/wangyi/MgHash/controller.GetUsers (5 handlers)
[GIN-debug] GET    /web_api/register         --> github.com/wangyi/MgHash/controller/web_api.Register (5 handlers)
[GIN-debug] GET    /web_api/login            --> github.com/wangyi/MgHash/controller/web_api.Login (5 handlers)
[GIN-debug] GET    /web_api/getConfig        --> github.com/wangyi/MgHash/controller/web_api.GetConfig (5 handlers)
[GIN-debug] GET    /web_api/eeaMoney         --> github.com/wangyi/MgHash/controller/web_api.EeaMoney (5 handlers)
[GIN-debug] GET    /web_api/getBetsList      --> github.com/wangyi/MgHash/controller/web_api.GetBetsList (5 handlers)
[GIN-debug] GET    /web_api/myInvite         --> github.com/wangyi/MgHash/controller/web_api.MyInvite (5 handlers)
[GIN-debug] [WARNING] You trusted all proxies, this is NOT safe. We recommend you to set a value.
Please check https://pkg.go.dev/github.com/gin-gonic/gin#readme-don-t-trust-all-proxies for details.
[GIN-debug] Environment variable PORT is undefined. Using port :8080 by default
[GIN-debug] Listening and serving HTTP on :8080
--

[35m(/www/wwwroot/MgHash/controller/web_api/user.go:132)[0m 
[33m[2022-05-27 23:42:07][0m [31;1m sql: Scan error on column index 5, name "money": converting driver.Value type []uint8 ("100.00") to a int64: invalid syntax [0m

[35m(/www/wwwroot/MgHash/controller/web_api/user.go:132)[0m 
[33m[2022-05-27 23:45:37][0m [31;1m sql: Scan error on column index 5, name "money": converting driver.Value type []uint8 ("100.00") to a int64: invalid syntax [0m
2022/05/30 03:32:40 ç¨‹åºè¿è¡Œè·¯å¾„:/www/wwwroot/MgHash
2022/05/30 03:32:40 2959 : å¯åŠ¨å­è¿›ç¨‹æˆåŠŸ: -> 2964 
 
2022/05/30 03:32:40 ç¨‹åºè¿è¡Œè·¯å¾„:/www/wwwroot/MgHash
2022/05/30 03:32:40 å­è¿›ç¨‹pid=2964: å¼€å§‹è¿è¡Œ...
å€¼:MgHashè¯»å–é…ç½®æˆåŠŸ
æ•°æ®åº“å·²ç»å­˜åœ¨äº†!
æ•°æ®åº“å·²ç»å­˜åœ¨äº†!
æ•°æ®åº“å·²ç»å­˜åœ¨äº†!
æ•°æ®åº“å·²ç»å­˜åœ¨äº†!
æ•°æ®åº“å·²ç»å­˜åœ¨äº†!
æ•°æ®åº“å·²ç»å­˜åœ¨äº†!
æ•°æ®åº“å·²ç»å­˜åœ¨äº†!
[GIN-debug] [WARNING] Running in "debug" mode. Switch to "release" mode in production.
 - using env:	export GIN_MODE=release
 - using code:	gin.SetMode(gin.ReleaseMode)

[GIN-debug] GET    /static/*filepath         --> github.com/gin-gonic/gin.(*RouterGroup).createStaticHandler.func1 (5 handlers)
[GIN-debug] HEAD   /static/*filepath         --> github.com/gin-gonic/gin.(*RouterGroup).createStaticHandler.func1 (5 handlers)
[GIN-debug] GET    /transactions             --> github.com/wangyi/MgHash/controller.Transactions (5 handlers)
[GIN-debug] GET    /GetTransactionInfoById   --> github.com/wangyi/MgHash/controller.GetTransactionInfoById (5 handlers)
[GIN-debug] GET    /SetPlay                  --> github.com/wangyi/MgHash/controller.SetPlay (5 handlers)
[GIN-debug] GET    /GetRecord                --> github.com/wangyi/MgHash/controller.GetRecord (5 handlers)
[GIN-debug] POST   /testApi                  --> github.com/wangyi/MgHash/controller.ReceivePush (5 handlers)
[GIN-debug] POST   /ReceivePush              --> github.com/wangyi/MgHash/controller.ReceivePush (5 handlers)
[GIN-debug] GET    /SetEverydayStatistics    --> github.com/wangyi/MgHash/controller.SetEverydayStatistics (5 handlers)
[GIN-debug] GET    /GetEverydayStatistics    --> github.com/wangyi/MgHash/controller.GetEverydayStatistics (5 handlers)
[GIN-debug] GET    /GetUsers                 --> github.com/wangyi/MgHash/controller.GetUsers (5 handlers)
[GIN-debug] GET    /web_api/register         --> github.com/wangyi/MgHash/controller/web_api.Register (5 handlers)
[GIN-debug] GET    /web_api/login            --> github.com/wangyi/MgHash/controller/web_api.Login (5 handlers)
[GIN-debug] GET    /web_api/getConfig        --> github.com/wangyi/MgHash/controller/web_api.GetConfig (5 handlers)
[GIN-debug] GET    /web_api/eeaMoney         --> github.com/wangyi/MgHash/controller/web_api.EeaMoney (5 handlers)
[GIN-debug] GET    /web_api/getBetsList      --> github.com/wangyi/MgHash/controller/web_api.GetBetsList (5 handlers)
[GIN-debug] GET    /web_api/myInvite         --> github.com/wangyi/MgHash/controller/web_api.MyInvite (5 handlers)
---
[GIN-debug] [WARNING] You trusted all proxies, this is NOT safe. We recommend you to set a value.
Please check https://pkg.go.dev/github.com/gin-gonic/gin#readme-don-t-trust-all-proxies for details.
[GIN-debug] Listening and serving HTTP on :8080
--
2022/05/30 03:33:08 ç¨‹åºè¿è¡Œè·¯å¾„:/www/wwwroot/MgHash
2022/05/30 03:33:08 3011 : å¯åŠ¨å­è¿›ç¨‹æˆåŠŸ: -> 3016 
 
2022/05/30 03:33:08 ç¨‹åºè¿è¡Œè·¯å¾„:/www/wwwroot/MgHash
2022/05/30 03:33:08 å­è¿›ç¨‹pid=3016: å¼€å§‹è¿è¡Œ...
å€¼:MgHashè¯»å–é…ç½®æˆåŠŸ
æ•°æ®åº“å·²ç»å­˜åœ¨äº†!
æ•°æ®åº“å·²ç»å­˜åœ¨äº†!
æ•°æ®åº“å·²ç»å­˜åœ¨äº†!
æ•°æ®åº“å·²ç»å­˜åœ¨äº†!
æ•°æ®åº“å·²ç»å­˜åœ¨äº†!
æ•°æ®åº“å·²ç»å­˜åœ¨äº†!
æ•°æ®åº“å·²ç»å­˜åœ¨äº†!
[GIN-debug] [WARNING] Running in "debug" mode. Switch to "release" mode in production.
 - using env:	export GIN_MODE=release
 - using code:	gin.SetMode(gin.ReleaseMode)

[GIN-debug] GET    /static/*filepath         --> github.com/gin-gonic/gin.(*RouterGroup).createStaticHandler.func1 (5 handlers)
[GIN-debug] HEAD   /static/*filepath         --> github.com/gin-gonic/gin.(*RouterGroup).createStaticHandler.func1 (5 handlers)
[GIN-debug] GET    /transactions             --> github.com/wangyi/MgHash/controller.Transactions (5 handlers)
[GIN-debug] GET    /GetTransactionInfoById   --> github.com/wangyi/MgHash/controller.GetTransactionInfoById (5 handlers)
[GIN-debug] GET    /SetPlay                  --> github.com/wangyi/MgHash/controller.SetPlay (5 handlers)
[GIN-debug] GET    /GetRecord                --> github.com/wangyi/MgHash/controller.GetRecord (5 handlers)
[GIN-debug] POST   /testApi                  --> github.com/wangyi/MgHash/controller.ReceivePush (5 handlers)
[GIN-debug] POST   /ReceivePush              --> github.com/wangyi/MgHash/controller.ReceivePush (5 handlers)
[GIN-debug] GET    /SetEverydayStatistics    --> github.com/wangyi/MgHash/controller.SetEverydayStatistics (5 handlers)
[GIN-debug] GET    /GetEverydayStatistics    --> github.com/wangyi/MgHash/controller.GetEverydayStatistics (5 handlers)
[GIN-debug] GET    /GetUsers                 --> github.com/wangyi/MgHash/controller.GetUsers (5 handlers)
[GIN-debug] GET    /web_api/register         --> github.com/wangyi/MgHash/controller/web_api.Register (5 handlers)
[GIN-debug] GET    /web_api/login            --> github.com/wangyi/MgHash/controller/web_api.Login (5 handlers)
[GIN-debug] GET    /web_api/getConfig        --> github.com/wangyi/MgHash/controller/web_api.GetConfig (5 handlers)
[GIN-debug] GET    /web_api/eeaMoney         --> github.com/wangyi/MgHash/controller/web_api.EeaMoney (5 handlers)
[GIN-debug] GET    /web_api/getBetsList      --> github.com/wangyi/MgHash/controller/web_api.GetBetsList (5 handlers)
[GIN-debug] GET    /web_api/myInvite         --> github.com/wangyi/MgHash/controller/web_api.MyInvite (5 handlers)
---
[GIN-debug] [WARNING] You trusted all proxies, this is NOT safe. We recommend you to set a value.
Please check https://pkg.go.dev/github.com/gin-gonic/gin#readme-don-t-trust-all-proxies for details.
[GIN-debug] Listening and serving HTTP on :8080
--
2022/06/02 07:31:06 ç¨‹åºè¿è¡Œè·¯å¾„:/www/wwwroot/MgHash
2022/06/02 07:31:06 14226 : å¯åŠ¨å­è¿›ç¨‹æˆåŠŸ: -> 14231 
 
2022/06/02 07:31:06 ç¨‹åºè¿è¡Œè·¯å¾„:/www/wwwroot/MgHash
2022/06/02 07:31:06 å­è¿›ç¨‹pid=14231: å¼€å§‹è¿è¡Œ...
å€¼:MgHashè¯»å–é…ç½®æˆåŠŸ
æ•°æ®åº“å·²ç»å­˜åœ¨äº†!
æ•°æ®åº“å·²ç»å­˜åœ¨äº†!
æ•°æ®åº“å·²ç»å­˜åœ¨äº†!
æ•°æ®åº“å·²ç»å­˜åœ¨äº†!
æ•°æ®åº“å·²ç»å­˜åœ¨äº†!
æ•°æ®åº“å·²ç»å­˜åœ¨äº†!
æ•°æ®åº“å·²ç»å­˜åœ¨äº†!
æ•°æ®åº“å·²ç»å­˜åœ¨äº†!
--
[GIN-debug] [WARNING] Running in "debug" mode. Switch to "release" mode in production.
 - using env:	export GIN_MODE=release
 - using code:	gin.SetMode(gin.ReleaseMode)

[GIN-debug] GET    /static/*filepath         --> github.com/gin-gonic/gin.(*RouterGroup).createStaticHandler.func1 (5 handlers)
[GIN-debug] HEAD   /static/*filepath         --> github.com/gin-gonic/gin.(*RouterGroup).createStaticHandler.func1 (5 handlers)
[GIN-debug] GET    /transactions             --> github.com/wangyi/MgHash/controller.Transactions (5 handlers)
[GIN-debug] GET    /GetTransactionInfoById   --> github.com/wangyi/MgHash/controller.GetTransactionInfoById (5 handlers)
[GIN-debug] GET    /SetPlay                  --> github.com/wangyi/MgHash/controller.SetPlay (5 handlers)
[GIN-debug] GET    /GetRecord                --> github.com/wangyi/MgHash/controller.GetRecord (5 handlers)
[GIN-debug] POST   /testApi                  --> github.com/wangyi/MgHash/controller.ReceivePush (5 handlers)
[GIN-debug] POST   /ReceivePush              --> github.com/wangyi/MgHash/controller.ReceivePush (5 handlers)
[GIN-debug] GET    /SetEverydayStatistics    --> github.com/wangyi/MgHash/controller.SetEverydayStatistics (5 handlers)
[GIN-debug] GET    /GetEverydayStatistics    --> github.com/wangyi/MgHash/controller.GetEverydayStatistics (5 handlers)
[GIN-debug] GET    /getL                     --> github.com/wangyi/MgHash/logger.GinRecovery.func1 (4 handlers)
[GIN-debug] GET    /GetUsers                 --> github.com/wangyi/MgHash/controller.GetUsers (5 handlers)
[GIN-debug] GET    /web_api/register         --> github.com/wangyi/MgHash/controller/web_api.Register (5 handlers)
[GIN-debug] GET    /web_api/login            --> github.com/wangyi/MgHash/controller/web_api.Login (5 handlers)
[GIN-debug] GET    /web_api/getConfig        --> github.com/wangyi/MgHash/controller/web_api.GetConfig (5 handlers)
[GIN-debug] GET    /web_api/eeaMoney         --> github.com/wangyi/MgHash/controller/web_api.EeaMoney (5 handlers)
[GIN-debug] GET    /web_api/getBetsList      --> github.com/wangyi/MgHash/controller/web_api.GetBetsList (5 handlers)
[GIN-debug] GET    /web_api/myInvite         --> github.com/wangyi/MgHash/controller/web_api.MyInvite (5 handlers)
---
[GIN-debug] [WARNING] You trusted all proxies, this is NOT safe. We recommend you to set a value.
Please check https://pkg.go.dev/github.com/gin-gonic/gin#readme-don-t-trust-all-proxies for details.
[GIN-debug] Listening and serving HTTP on :8080
2022/06/02 07:31:31 ç¨‹åºè¿è¡Œè·¯å¾„:/www/wwwroot/MgHash
2022/06/02 07:31:31 14279 : å¯åŠ¨å­è¿›ç¨‹æˆåŠŸ: -> 14284 
 
2022/06/02 07:31:31 ç¨‹åºè¿è¡Œè·¯å¾„:/www/wwwroot/MgHash
2022/06/02 07:31:31 å­è¿›ç¨‹pid=14284: å¼€å§‹è¿è¡Œ...
å€¼:MgHashè¯»å–é…ç½®æˆåŠŸ
æ•°æ®åº“å·²ç»å­˜åœ¨äº†!
æ•°æ®åº“å·²ç»å­˜åœ¨äº†!
æ•°æ®åº“å·²ç»å­˜åœ¨äº†!
æ•°æ®åº“å·²ç»å­˜åœ¨äº†!
æ•°æ®åº“å·²ç»å­˜åœ¨äº†!
æ•°æ®åº“å·²ç»å­˜åœ¨äº†!
æ•°æ®åº“å·²ç»å­˜åœ¨äº†!
æ•°æ®åº“å·²ç»å­˜åœ¨äº†!
--
[GIN-debug] [WARNING] Running in "debug" mode. Switch to "release" mode in production.
 - using env:	export GIN_MODE=release
 - using code:	gin.SetMode(gin.ReleaseMode)

[GIN-debug] GET    /static/*filepath         --> github.com/gin-gonic/gin.(*RouterGroup).createStaticHandler.func1 (5 handlers)
[GIN-debug] HEAD   /static/*filepath         --> github.com/gin-gonic/gin.(*RouterGroup).createStaticHandler.func1 (5 handlers)
[GIN-debug] GET    /transactions             --> github.com/wangyi/MgHash/controller.Transactions (5 handlers)
[GIN-debug] GET    /GetTransactionInfoById   --> github.com/wangyi/MgHash/controller.GetTransactionInfoById (5 handlers)
[GIN-debug] GET    /SetPlay                  --> github.com/wangyi/MgHash/controller.SetPlay (5 handlers)
[GIN-debug] GET    /GetRecord                --> github.com/wangyi/MgHash/controller.GetRecord (5 handlers)
[GIN-debug] POST   /testApi                  --> github.com/wangyi/MgHash/controller.ReceivePush (5 handlers)
[GIN-debug] POST   /ReceivePush              --> github.com/wangyi/MgHash/controller.ReceivePush (5 handlers)
[GIN-debug] GET    /SetEverydayStatistics    --> github.com/wangyi/MgHash/controller.SetEverydayStatistics (5 handlers)
[GIN-debug] GET    /GetEverydayStatistics    --> github.com/wangyi/MgHash/controller.GetEverydayStatistics (5 handlers)
[GIN-debug] GET    /getL                     --> github.com/wangyi/MgHash/logger.GinRecovery.func1 (4 handlers)
[GIN-debug] GET    /GetUsers                 --> github.com/wangyi/MgHash/controller.GetUsers (5 handlers)
[GIN-debug] GET    /web_api/register         --> github.com/wangyi/MgHash/controller/web_api.Register (5 handlers)
[GIN-debug] GET    /web_api/login            --> github.com/wangyi/MgHash/controller/web_api.Login (5 handlers)
[GIN-debug] GET    /web_api/getConfig        --> github.com/wangyi/MgHash/controller/web_api.GetConfig (5 handlers)
[GIN-debug] GET    /web_api/eeaMoney         --> github.com/wangyi/MgHash/controller/web_api.EeaMoney (5 handlers)
[GIN-debug] GET    /web_api/getBetsList      --> github.com/wangyi/MgHash/controller/web_api.GetBetsList (5 handlers)
[GIN-debug] GET    /web_api/myInvite         --> github.com/wangyi/MgHash/controller/web_api.MyInvite (5 handlers)
---
[GIN-debug] [WARNING] You trusted all proxies, this is NOT safe. We recommend you to set a value.
Please check https://pkg.go.dev/github.com/gin-gonic/gin#readme-don-t-trust-all-proxies for details.
[GIN-debug] Listening and serving HTTP on :8080
--
--
--


false
--
2022/06/02 19:42:00 ç¨‹åºè¿è¡Œè·¯å¾„:/www/wwwroot/MgHash
2022/06/02 19:42:00 26750 : å¯åŠ¨å­è¿›ç¨‹æˆåŠŸ: -> 26755 
 
2022/06/02 19:42:00 ç¨‹åºè¿è¡Œè·¯å¾„:/www/wwwroot/MgHash
2022/06/02 19:42:00 å­è¿›ç¨‹pid=26755: å¼€å§‹è¿è¡Œ...
å€¼:MgHashè¯»å–é…ç½®æˆåŠŸ
æ•°æ®åº“å·²ç»å­˜åœ¨äº†!
æ•°æ®åº“å·²ç»å­˜åœ¨äº†!
æ•°æ®åº“å·²ç»å­˜åœ¨äº†!
æ•°æ®åº“å·²ç»å­˜åœ¨äº†!
æ•°æ®åº“å·²ç»å­˜åœ¨äº†!
æ•°æ®åº“å·²ç»å­˜åœ¨äº†!
æ•°æ®åº“å·²ç»å­˜åœ¨äº†!
æ•°æ®åº“å·²ç»å­˜åœ¨äº†!
--
[GIN-debug] [WARNING] Running in "debug" mode. Switch to "release" mode in production.
 - using env:	export GIN_MODE=release
 - using code:	gin.SetMode(gin.ReleaseMode)

[GIN-debug] GET    /static/*filepath         --> github.com/gin-gonic/gin.(*RouterGroup).createStaticHandler.func1 (5 handlers)
[GIN-debug] HEAD   /static/*filepath         --> github.com/gin-gonic/gin.(*RouterGroup).createStaticHandler.func1 (5 handlers)
[GIN-debug] GET    /transactions             --> github.com/wangyi/MgHash/controller.Transactions (5 handlers)
[GIN-debug] GET    /GetTransactionInfoById   --> github.com/wangyi/MgHash/controller.GetTransactionInfoById (5 handlers)
[GIN-debug] GET    /SetPlay                  --> github.com/wangyi/MgHash/controller.SetPlay (5 handlers)
[GIN-debug] GET    /GetRecord                --> github.com/wangyi/MgHash/controller.GetRecord (5 handlers)
[GIN-debug] POST   /testApi                  --> github.com/wangyi/MgHash/controller.ReceivePush (5 handlers)
[GIN-debug] POST   /ReceivePush              --> github.com/wangyi/MgHash/controller.ReceivePush (5 handlers)
[GIN-debug] GET    /SetEverydayStatistics    --> github.com/wangyi/MgHash/controller.SetEverydayStatistics (5 handlers)
[GIN-debug] GET    /GetEverydayStatistics    --> github.com/wangyi/MgHash/controller.GetEverydayStatistics (5 handlers)
[GIN-debug] GET    /getL                     --> github.com/wangyi/MgHash/logger.GinRecovery.func1 (4 handlers)
[GIN-debug] GET    /GetUsers                 --> github.com/wangyi/MgHash/controller.GetUsers (5 handlers)
[GIN-debug] GET    /web_api/register         --> github.com/wangyi/MgHash/controller/web_api.Register (5 handlers)
[GIN-debug] GET    /web_api/login            --> github.com/wangyi/MgHash/controller/web_api.Login (5 handlers)
[GIN-debug] GET    /web_api/getConfig        --> github.com/wangyi/MgHash/controller/web_api.GetConfig (5 handlers)
[GIN-debug] GET    /web_api/eeaMoney         --> github.com/wangyi/MgHash/controller/web_api.EeaMoney (5 handlers)
[GIN-debug] GET    /web_api/getBetsList      --> github.com/wangyi/MgHash/controller/web_api.GetBetsList (5 handlers)
[GIN-debug] GET    /web_api/myInvite         --> github.com/wangyi/MgHash/controller/web_api.MyInvite (5 handlers)
---
[GIN-debug] [WARNING] You trusted all proxies, this is NOT safe. We recommend you to set a value.
Please check https://pkg.go.dev/github.com/gin-gonic/gin#readme-don-t-trust-all-proxies for details.
[GIN-debug] Listening and serving HTTP on :8080
2022/06/02 19:58:52 ç¨‹åºè¿è¡Œè·¯å¾„:/www/wwwroot/MgHash
2022/06/02 19:58:52 28221 : å¯åŠ¨å­è¿›ç¨‹æˆåŠŸ: -> 28226 
 
2022/06/02 19:58:52 ç¨‹åºè¿è¡Œè·¯å¾„:/www/wwwroot/MgHash
2022/06/02 19:58:52 å­è¿›ç¨‹pid=28226: å¼€å§‹è¿è¡Œ...
å€¼:MgHashè¯»å–é…ç½®æˆåŠŸ
æ•°æ®åº“å·²ç»å­˜åœ¨äº†!
æ•°æ®åº“å·²ç»å­˜åœ¨äº†!
æ•°æ®åº“å·²ç»å­˜åœ¨äº†!
æ•°æ®åº“å·²ç»å­˜åœ¨äº†!
æ•°æ®åº“å·²ç»å­˜åœ¨äº†!
æ•°æ®åº“å·²ç»å­˜åœ¨äº†!
æ•°æ®åº“å·²ç»å­˜åœ¨äº†!
æ•°æ®åº“å·²ç»å­˜åœ¨äº†!
--
[GIN-debug] [WARNING] Running in "debug" mode. Switch to "release" mode in production.
 - using env:	export GIN_MODE=release
 - using code:	gin.SetMode(gin.ReleaseMode)

[GIN-debug] GET    /static/*filepath         --> github.com/gin-gonic/gin.(*RouterGroup).createStaticHandler.func1 (5 handlers)
[GIN-debug] HEAD   /static/*filepath         --> github.com/gin-gonic/gin.(*RouterGroup).createStaticHandler.func1 (5 handlers)
[GIN-debug] GET    /transactions             --> github.com/wangyi/MgHash/controller.Transactions (5 handlers)
[GIN-debug] GET    /GetTransactionInfoById   --> github.com/wangyi/MgHash/controller.GetTransactionInfoById (5 handlers)
[GIN-debug] GET    /SetPlay                  --> github.com/wangyi/MgHash/controller.SetPlay (5 handlers)
[GIN-debug] GET    /GetRecord                --> github.com/wangyi/MgHash/controller.GetRecord (5 handlers)
[GIN-debug] POST   /testApi                  --> github.com/wangyi/MgHash/controller.ReceivePush (5 handlers)
[GIN-debug] POST   /ReceivePush              --> github.com/wangyi/MgHash/controller.ReceivePush (5 handlers)
[GIN-debug] GET    /SetEverydayStatistics    --> github.com/wangyi/MgHash/controller.SetEverydayStatistics (5 handlers)
[GIN-debug] GET    /GetEverydayStatistics    --> github.com/wangyi/MgHash/controller.GetEverydayStatistics (5 handlers)
[GIN-debug] GET    /getL                     --> github.com/wangyi/MgHash/logger.GinRecovery.func1 (4 handlers)
[GIN-debug] GET    /GetUsers                 --> github.com/wangyi/MgHash/controller.GetUsers (5 handlers)
[GIN-debug] GET    /web_api/register         --> github.com/wangyi/MgHash/controller/web_api.Register (5 handlers)
[GIN-debug] GET    /web_api/login            --> github.com/wangyi/MgHash/controller/web_api.Login (5 handlers)
[GIN-debug] GET    /web_api/getConfig        --> github.com/wangyi/MgHash/controller/web_api.GetConfig (5 handlers)
[GIN-debug] GET    /web_api/eeaMoney         --> github.com/wangyi/MgHash/controller/web_api.EeaMoney (5 handlers)
[GIN-debug] GET    /web_api/getBetsList      --> github.com/wangyi/MgHash/controller/web_api.GetBetsList (5 handlers)
[GIN-debug] GET    /web_api/myInvite         --> github.com/wangyi/MgHash/controller/web_api.MyInvite (5 handlers)
---
[GIN-debug] [WARNING] You trusted all proxies, this is NOT safe. We recommend you to set a value.
Please check https://pkg.go.dev/github.com/gin-gonic/gin#readme-don-t-trust-all-proxies for details.
[GIN-debug] Listening and serving HTTP on :8080
true
false
é…ç½®æ–‡ä»¶ä¿®æ”¹äº†!
é…ç½®æ–‡ä»¶ä¿®æ”¹äº†!
é…ç½®æ–‡ä»¶ä¿®æ”¹äº†!
é…ç½®æ–‡ä»¶ä¿®æ”¹äº†!
--
2022/06/02 23:51:02 ç¨‹åºè¿è¡Œè·¯å¾„:/www/wwwroot/MgHash
2022/06/02 23:51:02 10477 : å¯åŠ¨å­è¿›ç¨‹æˆåŠŸ: -> 10482 
 
2022/06/02 23:51:02 ç¨‹åºè¿è¡Œè·¯å¾„:/www/wwwroot/MgHash
2022/06/02 23:51:02 å­è¿›ç¨‹pid=10482: å¼€å§‹è¿è¡Œ...
å€¼:MgHashè¯»å–é…ç½®æˆåŠŸ
æ•°æ®åº“å·²ç»å­˜åœ¨äº†!
æ•°æ®åº“å·²ç»å­˜åœ¨äº†!
æ•°æ®åº“å·²ç»å­˜åœ¨äº†!
æ•°æ®åº“å·²ç»å­˜åœ¨äº†!
æ•°æ®åº“å·²ç»å­˜åœ¨äº†!
æ•°æ®åº“å·²ç»å­˜åœ¨äº†!
æ•°æ®åº“å·²ç»å­˜åœ¨äº†!
æ•°æ®åº“å·²ç»å­˜åœ¨äº†!
--
[GIN-debug] [WARNING] Running in "debug" mode. Switch to "release" mode in production.
 - using env:	export GIN_MODE=release
 - using code:	gin.SetMode(gin.ReleaseMode)

[GIN-debug] GET    /static/*filepath         --> github.com/gin-gonic/gin.(*RouterGroup).createStaticHandler.func1 (5 handlers)
[GIN-debug] HEAD   /static/*filepath         --> github.com/gin-gonic/gin.(*RouterGroup).createStaticHandler.func1 (5 handlers)
[GIN-debug] GET    /transactions             --> github.com/wangyi/MgHash/controller.Transactions (5 handlers)
[GIN-debug] GET    /GetTransactionInfoById   --> github.com/wangyi/MgHash/controller.GetTransactionInfoById (5 handlers)
[GIN-debug] GET    /SetPlay                  --> github.com/wangyi/MgHash/controller.SetPlay (5 handlers)
[GIN-debug] GET    /GetRecord                --> github.com/wangyi/MgHash/controller.GetRecord (5 handlers)
[GIN-debug] POST   /testApi                  --> github.com/wangyi/MgHash/controller.ReceivePush (5 handlers)
[GIN-debug] POST   /ReceivePush              --> github.com/wangyi/MgHash/controller.ReceivePush (5 handlers)
[GIN-debug] GET    /SetEverydayStatistics    --> github.com/wangyi/MgHash/controller.SetEverydayStatistics (5 handlers)
[GIN-debug] GET    /GetEverydayStatistics    --> github.com/wangyi/MgHash/controller.GetEverydayStatistics (5 handlers)
[GIN-debug] GET    /getL                     --> github.com/wangyi/MgHash/logger.GinRecovery.func1 (4 handlers)
[GIN-debug] GET    /GetUsers                 --> github.com/wangyi/MgHash/controller.GetUsers (5 handlers)
[GIN-debug] GET    /web_api/register         --> github.com/wangyi/MgHash/controller/web_api.Register (5 handlers)
[GIN-debug] GET    /web_api/login            --> github.com/wangyi/MgHash/controller/web_api.Login (5 handlers)
[GIN-debug] GET    /web_api/getConfig        --> github.com/wangyi/MgHash/controller/web_api.GetConfig (5 handlers)
[GIN-debug] GET    /web_api/eeaMoney         --> github.com/wangyi/MgHash/controller/web_api.EeaMoney (5 handlers)
[GIN-debug] GET    /web_api/getBetsList      --> github.com/wangyi/MgHash/controller/web_api.GetBetsList (5 handlers)
[GIN-debug] GET    /web_api/myInvite         --> github.com/wangyi/MgHash/controller/web_api.MyInvite (5 handlers)
---
[GIN-debug] [WARNING] You trusted all proxies, this is NOT safe. We recommend you to set a value.
Please check https://pkg.go.dev/github.com/gin-gonic/gin#readme-don-t-trust-all-proxies for details.
[GIN-debug] Listening and serving HTTP on :8080
[GIN-debug] [ERROR] listen tcp :8080: bind: address already in use
2022/06/02 23:51:04 å®ˆæŠ¤è¿›ç¨‹(pid:10477; count:1/0; errNum:0/10): ç›‘è§†åˆ°å­è¿›ç¨‹(10482)é€€å‡º, å…±è¿è¡Œäº†2ç§’: <nil>
2022/06/02 23:51:04 10477 : å¯åŠ¨å­è¿›ç¨‹æˆåŠŸ: -> 10491 
 
2022/06/02 23:51:04 ç¨‹åºè¿è¡Œè·¯å¾„:/www/wwwroot/MgHash
2022/06/02 23:51:04 å­è¿›ç¨‹pid=10491: å¼€å§‹è¿è¡Œ...
å€¼:MgHashè¯»å–é…ç½®æˆåŠŸ
æ•°æ®åº“å·²ç»å­˜åœ¨äº†!
æ•°æ®åº“å·²ç»å­˜åœ¨äº†!
æ•°æ®åº“å·²ç»å­˜åœ¨äº†!
æ•°æ®åº“å·²ç»å­˜åœ¨äº†!
æ•°æ®åº“å·²ç»å­˜åœ¨äº†!
æ•°æ®åº“å·²ç»å­˜åœ¨äº†!
æ•°æ®åº“å·²ç»å­˜åœ¨äº†!
æ•°æ®åº“å·²ç»å­˜åœ¨äº†!
--
[GIN-debug] [WARNING] Running in "debug" mode. Switch to "release" mode in production.
 - using env:	export GIN_MODE=release
 - using code:	gin.SetMode(gin.ReleaseMode)

[GIN-debug] GET    /static/*filepath         --> github.com/gin-gonic/gin.(*RouterGroup).createStaticHandler.func1 (5 handlers)
[GIN-debug] HEAD   /static/*filepath         --> github.com/gin-gonic/gin.(*RouterGroup).createStaticHandler.func1 (5 handlers)
[GIN-debug] GET    /transactions             --> github.com/wangyi/MgHash/controller.Transactions (5 handlers)
[GIN-debug] GET    /GetTransactionInfoById   --> github.com/wangyi/MgHash/controller.GetTransactionInfoById (5 handlers)
[GIN-debug] GET    /SetPlay                  --> github.com/wangyi/MgHash/controller.SetPlay (5 handlers)
[GIN-debug] GET    /GetRecord                --> github.com/wangyi/MgHash/controller.GetRecord (5 handlers)
[GIN-debug] POST   /testApi                  --> github.com/wangyi/MgHash/controller.ReceivePush (5 handlers)
[GIN-debug] POST   /ReceivePush              --> github.com/wangyi/MgHash/controller.ReceivePush (5 handlers)
[GIN-debug] GET    /SetEverydayStatistics    --> github.com/wangyi/MgHash/controller.SetEverydayStatistics (5 handlers)
[GIN-debug] GET    /GetEverydayStatistics    --> github.com/wangyi/MgHash/controller.GetEverydayStatistics (5 handlers)
[GIN-debug] GET    /getL                     --> github.com/wangyi/MgHash/logger.GinRecovery.func1 (4 handlers)
[GIN-debug] GET    /GetUsers                 --> github.com/wangyi/MgHash/controller.GetUsers (5 handlers)
[GIN-debug] GET    /web_api/register         --> github.com/wangyi/MgHash/controller/web_api.Register (5 handlers)
[GIN-debug] GET    /web_api/login            --> github.com/wangyi/MgHash/controller/web_api.Login (5 handlers)
[GIN-debug] GET    /web_api/getConfig        --> github.com/wangyi/MgHash/controller/web_api.GetConfig (5 handlers)
[GIN-debug] GET    /web_api/eeaMoney         --> github.com/wangyi/MgHash/controller/web_api.EeaMoney (5 handlers)
[GIN-debug] GET    /web_api/getBetsList      --> github.com/wangyi/MgHash/controller/web_api.GetBetsList (5 handlers)
[GIN-debug] GET    /web_api/myInvite         --> github.com/wangyi/MgHash/controller/web_api.MyInvite (5 handlers)
---
[GIN-debug] [WARNING] You trusted all proxies, this is NOT safe. We recommend you to set a value.
Please check https://pkg.go.dev/github.com/gin-gonic/gin#readme-don-t-trust-all-proxies for details.
[GIN-debug] Listening and serving HTTP on :8080
[GIN-debug] [ERROR] listen tcp :8080: bind: address already in use
2022/06/02 23:51:05 å®ˆæŠ¤è¿›ç¨‹(pid:10477; count:2/0; errNum:1/10): ç›‘è§†åˆ°å­è¿›ç¨‹(10491)é€€å‡º, å…±è¿è¡Œäº†1ç§’: <nil>
2022/06/02 23:51:05 10477 : å¯åŠ¨å­è¿›ç¨‹æˆåŠŸ: -> 10500 
 
2022/06/02 23:51:05 ç¨‹åºè¿è¡Œè·¯å¾„:/www/wwwroot/MgHash
2022/06/02 23:51:05 å­è¿›ç¨‹pid=10500: å¼€å§‹è¿è¡Œ...
å€¼:MgHashè¯»å–é…ç½®æˆåŠŸ
æ•°æ®åº“å·²ç»å­˜åœ¨äº†!
æ•°æ®åº“å·²ç»å­˜åœ¨äº†!
æ•°æ®åº“å·²ç»å­˜åœ¨äº†!
æ•°æ®åº“å·²ç»å­˜åœ¨äº†!
æ•°æ®åº“å·²ç»å­˜åœ¨äº†!
æ•°æ®åº“å·²ç»å­˜åœ¨äº†!
æ•°æ®åº“å·²ç»å­˜åœ¨äº†!
æ•°æ®åº“å·²ç»å­˜åœ¨äº†!
--
[GIN-debug] [WARNING] Running in "debug" mode. Switch to "release" mode in production.
 - using env:	export GIN_MODE=release
 - using code:	gin.SetMode(gin.ReleaseMode)

[GIN-debug] GET    /static/*filepath         --> github.com/gin-gonic/gin.(*RouterGroup).createStaticHandler.func1 (5 handlers)
[GIN-debug] HEAD   /static/*filepath         --> github.com/gin-gonic/gin.(*RouterGroup).createStaticHandler.func1 (5 handlers)
[GIN-debug] GET    /transactions             --> github.com/wangyi/MgHash/controller.Transactions (5 handlers)
[GIN-debug] GET    /GetTransactionInfoById   --> github.com/wangyi/MgHash/controller.GetTransactionInfoById (5 handlers)
[GIN-debug] GET    /SetPlay                  --> github.com/wangyi/MgHash/controller.SetPlay (5 handlers)
[GIN-debug] GET    /GetRecord                --> github.com/wangyi/MgHash/controller.GetRecord (5 handlers)
[GIN-debug] POST   /testApi                  --> github.com/wangyi/MgHash/controller.ReceivePush (5 handlers)
[GIN-debug] POST   /ReceivePush              --> github.com/wangyi/MgHash/controller.ReceivePush (5 handlers)
[GIN-debug] GET    /SetEverydayStatistics    --> github.com/wangyi/MgHash/controller.SetEverydayStatistics (5 handlers)
[GIN-debug] GET    /GetEverydayStatistics    --> github.com/wangyi/MgHash/controller.GetEverydayStatistics (5 handlers)
[GIN-debug] GET    /getL                     --> github.com/wangyi/MgHash/logger.GinRecovery.func1 (4 handlers)
[GIN-debug] GET    /GetUsers                 --> github.com/wangyi/MgHash/controller.GetUsers (5 handlers)
[GIN-debug] GET    /web_api/register         --> github.com/wangyi/MgHash/controller/web_api.Register (5 handlers)
[GIN-debug] GET    /web_api/login            --> github.com/wangyi/MgHash/controller/web_api.Login (5 handlers)
[GIN-debug] GET    /web_api/getConfig        --> github.com/wangyi/MgHash/controller/web_api.GetConfig (5 handlers)
[GIN-debug] GET    /web_api/eeaMoney         --> github.com/wangyi/MgHash/controller/web_api.EeaMoney (5 handlers)
[GIN-debug] GET    /web_api/getBetsList      --> github.com/wangyi/MgHash/controller/web_api.GetBetsList (5 handlers)
[GIN-debug] GET    /web_api/myInvite         --> github.com/wangyi/MgHash/controller/web_api.MyInvite (5 handlers)
---
[GIN-debug] [WARNING] You trusted all proxies, this is NOT safe. We recommend you to set a value.
Please check https://pkg.go.dev/github.com/gin-gonic/gin#readme-don-t-trust-all-proxies for details.
[GIN-debug] Listening and serving HTTP on :8080
[GIN-debug] [ERROR] listen tcp :8080: bind: address already in use
2022/06/02 23:51:07 å®ˆæŠ¤è¿›ç¨‹(pid:10477; count:3/0; errNum:2/10): ç›‘è§†åˆ°å­è¿›ç¨‹(10500)é€€å‡º, å…±è¿è¡Œäº†2ç§’: <nil>
2022/06/02 23:51:07 10477 : å¯åŠ¨å­è¿›ç¨‹æˆåŠŸ: -> 10506 
 
2022/06/02 23:51:07 ç¨‹åºè¿è¡Œè·¯å¾„:/www/wwwroot/MgHash
2022/06/02 23:51:07 å­è¿›ç¨‹pid=10506: å¼€å§‹è¿è¡Œ...
å€¼:MgHashè¯»å–é…ç½®æˆåŠŸ
æ•°æ®åº“å·²ç»å­˜åœ¨äº†!
æ•°æ®åº“å·²ç»å­˜åœ¨äº†!
æ•°æ®åº“å·²ç»å­˜åœ¨äº†!
æ•°æ®åº“å·²ç»å­˜åœ¨äº†!
æ•°æ®åº“å·²ç»å­˜åœ¨äº†!
æ•°æ®åº“å·²ç»å­˜åœ¨äº†!
æ•°æ®åº“å·²ç»å­˜åœ¨äº†!
æ•°æ®åº“å·²ç»å­˜åœ¨äº†!
--
[GIN-debug] [WARNING] Running in "debug" mode. Switch to "release" mode in production.
 - using env:	export GIN_MODE=release
 - using code:	gin.SetMode(gin.ReleaseMode)

[GIN-debug] GET    /static/*filepath         --> github.com/gin-gonic/gin.(*RouterGroup).createStaticHandler.func1 (5 handlers)
[GIN-debug] HEAD   /static/*filepath         --> github.com/gin-gonic/gin.(*RouterGroup).createStaticHandler.func1 (5 handlers)
[GIN-debug] GET    /transactions             --> github.com/wangyi/MgHash/controller.Transactions (5 handlers)
[GIN-debug] GET    /GetTransactionInfoById   --> github.com/wangyi/MgHash/controller.GetTransactionInfoById (5 handlers)
[GIN-debug] GET    /SetPlay                  --> github.com/wangyi/MgHash/controller.SetPlay (5 handlers)
[GIN-debug] GET    /GetRecord                --> github.com/wangyi/MgHash/controller.GetRecord (5 handlers)
[GIN-debug] POST   /testApi                  --> github.com/wangyi/MgHash/controller.ReceivePush (5 handlers)
[GIN-debug] POST   /ReceivePush              --> github.com/wangyi/MgHash/controller.ReceivePush (5 handlers)
[GIN-debug] GET    /SetEverydayStatistics    --> github.com/wangyi/MgHash/controller.SetEverydayStatistics (5 handlers)
[GIN-debug] GET    /GetEverydayStatistics    --> github.com/wangyi/MgHash/controller.GetEverydayStatistics (5 handlers)
[GIN-debug] GET    /getL                     --> github.com/wangyi/MgHash/logger.GinRecovery.func1 (4 handlers)
[GIN-debug] GET    /GetUsers                 --> github.com/wangyi/MgHash/controller.GetUsers (5 handlers)
[GIN-debug] GET    /web_api/register         --> github.com/wangyi/MgHash/controller/web_api.Register (5 handlers)
[GIN-debug] GET    /web_api/login            --> github.com/wangyi/MgHash/controller/web_api.Login (5 handlers)
[GIN-debug] GET    /web_api/getConfig        --> github.com/wangyi/MgHash/controller/web_api.GetConfig (5 handlers)
[GIN-debug] GET    /web_api/eeaMoney         --> github.com/wangyi/MgHash/controller/web_api.EeaMoney (5 handlers)
[GIN-debug] GET    /web_api/getBetsList      --> github.com/wangyi/MgHash/controller/web_api.GetBetsList (5 handlers)
[GIN-debug] GET    /web_api/myInvite         --> github.com/wangyi/MgHash/controller/web_api.MyInvite (5 handlers)
---
[GIN-debug] [WARNING] You trusted all proxies, this is NOT safe. We recommend you to set a value.
Please check https://pkg.go.dev/github.com/gin-gonic/gin#readme-don-t-trust-all-proxies for details.
[GIN-debug] Listening and serving HTTP on :8080
[GIN-debug] [ERROR] listen tcp :8080: bind: address already in use
2022/06/02 23:51:08 å®ˆæŠ¤è¿›ç¨‹(pid:10477; count:4/0; errNum:3/10): ç›‘è§†åˆ°å­è¿›ç¨‹(10506)é€€å‡º, å…±è¿è¡Œäº†1ç§’: <nil>
2022/06/02 23:51:08 10477 : å¯åŠ¨å­è¿›ç¨‹æˆåŠŸ: -> 10515 
 
2022/06/02 23:51:08 ç¨‹åºè¿è¡Œè·¯å¾„:/www/wwwroot/MgHash
2022/06/02 23:51:08 å­è¿›ç¨‹pid=10515: å¼€å§‹è¿è¡Œ...
å€¼:MgHashè¯»å–é…ç½®æˆåŠŸ
æ•°æ®åº“å·²ç»å­˜åœ¨äº†!
æ•°æ®åº“å·²ç»å­˜åœ¨äº†!
æ•°æ®åº“å·²ç»å­˜åœ¨äº†!
æ•°æ®åº“å·²ç»å­˜åœ¨äº†!
æ•°æ®åº“å·²ç»å­˜åœ¨äº†!
æ•°æ®åº“å·²ç»å­˜åœ¨äº†!
æ•°æ®åº“å·²ç»å­˜åœ¨äº†!
æ•°æ®åº“å·²ç»å­˜åœ¨äº†!
--
2022/06/02 23:54:33 ç¨‹åºè¿è¡Œè·¯å¾„:/www/wwwroot/MgHash
2022/06/02 23:54:33 2546 : å¯åŠ¨å­è¿›ç¨‹æˆåŠŸ: -> 2551 
 
2022/06/02 23:54:33 ç¨‹åºè¿è¡Œè·¯å¾„:/www/wwwroot/MgHash
2022/06/02 23:54:33 å­è¿›ç¨‹pid=2551: å¼€å§‹è¿è¡Œ...
å€¼:MgHashè¯»å–é…ç½®æˆåŠŸ
æ•°æ®åº“å·²ç»å­˜åœ¨äº†!
æ•°æ®åº“å·²ç»å­˜åœ¨äº†!
æ•°æ®åº“å·²ç»å­˜åœ¨äº†!
æ•°æ®åº“å·²ç»å­˜åœ¨äº†!
æ•°æ®åº“å·²ç»å­˜åœ¨äº†!
æ•°æ®åº“å·²ç»å­˜åœ¨äº†!
æ•°æ®åº“å·²ç»å­˜åœ¨äº†!
æ•°æ®åº“å·²ç»å­˜åœ¨äº†!
--
[GIN-debug] [WARNING] Running in "debug" mode. Switch to "release" mode in production.
 - using env:	export GIN_MODE=release
 - using code:	gin.SetMode(gin.ReleaseMode)

[GIN-debug] GET    /static/*filepath         --> github.com/gin-gonic/gin.(*RouterGroup).createStaticHandler.func1 (5 handlers)
[GIN-debug] HEAD   /static/*filepath         --> github.com/gin-gonic/gin.(*RouterGroup).createStaticHandler.func1 (5 handlers)
[GIN-debug] GET    /transactions             --> github.com/wangyi/MgHash/controller.Transactions (5 handlers)
[GIN-debug] GET    /GetTransactionInfoById   --> github.com/wangyi/MgHash/controller.GetTransactionInfoById (5 handlers)
[GIN-debug] GET    /SetPlay                  --> github.com/wangyi/MgHash/controller.SetPlay (5 handlers)
[GIN-debug] GET    /GetRecord                --> github.com/wangyi/MgHash/controller.GetRecord (5 handlers)
[GIN-debug] POST   /testApi                  --> github.com/wangyi/MgHash/controller.ReceivePush (5 handlers)
[GIN-debug] POST   /ReceivePush              --> github.com/wangyi/MgHash/controller.ReceivePush (5 handlers)
[GIN-debug] GET    /SetEverydayStatistics    --> github.com/wangyi/MgHash/controller.SetEverydayStatistics (5 handlers)
[GIN-debug] GET    /GetEverydayStatistics    --> github.com/wangyi/MgHash/controller.GetEverydayStatistics (5 handlers)
[GIN-debug] GET    /getL                     --> github.com/wangyi/MgHash/logger.GinRecovery.func1 (4 handlers)
[GIN-debug] GET    /GetUsers                 --> github.com/wangyi/MgHash/controller.GetUsers (5 handlers)
[GIN-debug] GET    /web_api/register         --> github.com/wangyi/MgHash/controller/web_api.Register (5 handlers)
[GIN-debug] GET    /web_api/login            --> github.com/wangyi/MgHash/controller/web_api.Login (5 handlers)
[GIN-debug] GET    /web_api/getConfig        --> github.com/wangyi/MgHash/controller/web_api.GetConfig (5 handlers)
[GIN-debug] GET    /web_api/eeaMoney         --> github.com/wangyi/MgHash/controller/web_api.EeaMoney (5 handlers)
[GIN-debug] GET    /web_api/getBetsList      --> github.com/wangyi/MgHash/controller/web_api.GetBetsList (5 handlers)
[GIN-debug] GET    /web_api/myInvite         --> github.com/wangyi/MgHash/controller/web_api.MyInvite (5 handlers)
---
[GIN-debug] [WARNING] You trusted all proxies, this is NOT safe. We recommend you to set a value.
Please check https://pkg.go.dev/github.com/gin-gonic/gin#readme-don-t-trust-all-proxies for details.
[GIN-debug] Listening and serving HTTP on :8080
2022/06/06 19:03:43 ç¨‹åºè¿è¡Œè·¯å¾„:/www/wwwroot/MgHash
2022/06/06 19:03:43 18831 : å¯åŠ¨å­è¿›ç¨‹æˆåŠŸ: -> 18836 
 
2022/06/06 19:03:43 ç¨‹åºè¿è¡Œè·¯å¾„:/www/wwwroot/MgHash
2022/06/06 19:03:43 å­è¿›ç¨‹pid=18836: å¼€å§‹è¿è¡Œ...
å€¼:MgHashè¯»å–é…ç½®æˆåŠŸ
æ•°æ®åº“å·²ç»å­˜åœ¨äº†!
æ•°æ®åº“å·²ç»å­˜åœ¨äº†!
æ•°æ®åº“å·²ç»å­˜åœ¨äº†!
æ•°æ®åº“å·²ç»å­˜åœ¨äº†!
æ•°æ®åº“å·²ç»å­˜åœ¨äº†!
æ•°æ®åº“å·²ç»å­˜åœ¨äº†!
æ•°æ®åº“å·²ç»å­˜åœ¨äº†!
æ•°æ®åº“å·²ç»å­˜åœ¨äº†!
0
0
0
0
[GIN-debug] [WARNING] Running in "debug" mode. Switch to "release" mode in production.
 - using env:	export GIN_MODE=release
 - using code:	gin.SetMode(gin.ReleaseMode)

[GIN-debug] GET    /static/*filepath         --> github.com/gin-gonic/gin.(*RouterGroup).createStaticHandler.func1 (5 handlers)
[GIN-debug] HEAD   /static/*filepath         --> github.com/gin-gonic/gin.(*RouterGroup).createStaticHandler.func1 (5 handlers)
[GIN-debug] GET    /transactions             --> github.com/wangyi/MgHash/controller.Transactions (5 handlers)
[GIN-debug] GET    /GetTransactionInfoById   --> github.com/wangyi/MgHash/controller.GetTransactionInfoById (5 handlers)
[GIN-debug] GET    /SetPlay                  --> github.com/wangyi/MgHash/controller.SetPlay (5 handlers)
[GIN-debug] GET    /GetRecord                --> github.com/wangyi/MgHash/controller.GetRecord (5 handlers)
[GIN-debug] POST   /testApi                  --> github.com/wangyi/MgHash/controller.ReceivePush (5 handlers)
[GIN-debug] POST   /ReceivePush              --> github.com/wangyi/MgHash/controller.ReceivePush (5 handlers)
[GIN-debug] GET    /SetEverydayStatistics    --> github.com/wangyi/MgHash/controller.SetEverydayStatistics (5 handlers)
[GIN-debug] GET    /GetEverydayStatistics    --> github.com/wangyi/MgHash/controller.GetEverydayStatistics (5 handlers)
[GIN-debug] GET    /getL                     --> github.com/wangyi/MgHash/logger.GinRecovery.func1 (4 handlers)
[GIN-debug] GET    /GetUsers                 --> github.com/wangyi/MgHash/controller.GetUsers (5 handlers)
[GIN-debug] GET    /web_api/register         --> github.com/wangyi/MgHash/controller/web_api.Register (5 handlers)
[GIN-debug] GET    /web_api/login            --> github.com/wangyi/MgHash/controller/web_api.Login (5 handlers)
[GIN-debug] GET    /web_api/getConfig        --> github.com/wangyi/MgHash/controller/web_api.GetConfig (5 handlers)
[GIN-debug] GET    /web_api/eeaMoney         --> github.com/wangyi/MgHash/controller/web_api.EeaMoney (5 handlers)
[GIN-debug] GET    /web_api/getBetsList      --> github.com/wangyi/MgHash/controller/web_api.GetBetsList (5 handlers)
[GIN-debug] GET    /web_api/myInvite         --> github.com/wangyi/MgHash/controller/web_api.MyInvite (5 handlers)
---
[GIN-debug] [WARNING] You trusted all proxies, this is NOT safe. We recommend you to set a value.
Please check https://pkg.go.dev/github.com/gin-gonic/gin#readme-don-t-trust-all-proxies for details.
[GIN-debug] Listening and serving HTTP on :8080
0
0
0
0
0
0
0
0
0
0
0
0
0
0
0
0
0
0
0
0
2022/06/11 02:49:23 ç¨‹åºè¿è¡Œè·¯å¾„:/www/wwwroot/MgHash
2022/06/11 02:49:23 15024 : å¯åŠ¨å­è¿›ç¨‹æˆåŠŸ: -> 15029 
 
2022/06/11 02:49:23 ç¨‹åºè¿è¡Œè·¯å¾„:/www/wwwroot/MgHash
2022/06/11 02:49:23 å­è¿›ç¨‹pid=15029: å¼€å§‹è¿è¡Œ...
å€¼:MgHashè¯»å–é…ç½®æˆåŠŸ
æ•°æ®åº“å·²ç»å­˜åœ¨äº†!
æ•°æ®åº“å·²ç»å­˜åœ¨äº†!
æ•°æ®åº“å·²ç»å­˜åœ¨äº†!
æ•°æ®åº“å·²ç»å­˜åœ¨äº†!
æ•°æ®åº“å·²ç»å­˜åœ¨äº†!
æ•°æ®åº“å·²ç»å­˜åœ¨äº†!
æ•°æ®åº“å·²ç»å­˜åœ¨äº†!
æ•°æ®åº“å·²ç»å­˜åœ¨äº†!
0
0
0
0
0
[GIN-debug] [WARNING] Running in "debug" mode. Switch to "release" mode in production.
 - using env:	export GIN_MODE=release
 - using code:	gin.SetMode(gin.ReleaseMode)

[GIN-debug] GET    /static/*filepath         --> github.com/gin-gonic/gin.(*RouterGroup).createStaticHandler.func1 (5 handlers)
[GIN-debug] HEAD   /static/*filepath         --> github.com/gin-gonic/gin.(*RouterGroup).createStaticHandler.func1 (5 handlers)
[GIN-debug] GET    /transactions             --> github.com/wangyi/MgHash/controller.Transactions (5 handlers)
[GIN-debug] GET    /GetTransactionInfoById   --> github.com/wangyi/MgHash/controller.GetTransactionInfoById (5 handlers)
[GIN-debug] GET    /SetPlay                  --> github.com/wangyi/MgHash/controller.SetPlay (5 handlers)
[GIN-debug] GET    /GetRecord                --> github.com/wangyi/MgHash/controller.GetRecord (5 handlers)
[GIN-debug] POST   /testApi                  --> github.com/wangyi/MgHash/controller.ReceivePush (5 handlers)
[GIN-debug] POST   /ReceivePush              --> github.com/wangyi/MgHash/controller.ReceivePush (5 handlers)
[GIN-debug] GET    /SetEverydayStatistics    --> github.com/wangyi/MgHash/controller.SetEverydayStatistics (5 handlers)
[GIN-debug] GET    /GetEverydayStatistics    --> github.com/wangyi/MgHash/controller.GetEverydayStatistics (5 handlers)
[GIN-debug] GET    /getL                     --> github.com/wangyi/MgHash/logger.GinRecovery.func1 (4 handlers)
[GIN-debug] GET    /GetUsers                 --> github.com/wangyi/MgHash/controller.GetUsers (5 handlers)
[GIN-debug] GET    /web_api/register         --> github.com/wangyi/MgHash/controller/web_api.Register (5 handlers)
[GIN-debug] GET    /web_api/login            --> github.com/wangyi/MgHash/controller/web_api.Login (5 handlers)
[GIN-debug] GET    /web_api/getConfig        --> github.com/wangyi/MgHash/controller/web_api.GetConfig (5 handlers)
[GIN-debug] GET    /web_api/eeaMoney         --> github.com/wangyi/MgHash/controller/web_api.EeaMoney (5 handlers)
[GIN-debug] GET    /web_api/getBetsList      --> github.com/wangyi/MgHash/controller/web_api.GetBetsList (5 handlers)
[GIN-debug] GET    /web_api/myInvite         --> github.com/wangyi/MgHash/controller/web_api.MyInvite (5 handlers)
---
[GIN-debug] [WARNING] You trusted all proxies, this is NOT safe. We recommend you to set a value.
Please check https://pkg.go.dev/github.com/gin-gonic/gin#readme-don-t-trust-all-proxies for details.
[GIN-debug] Listening and serving HTTP on :8080
0
0
0
0
0
0
0
0
0
0
0
0
0
0
0
2022/06/12 05:20:44 ç¨‹åºè¿è¡Œè·¯å¾„:/www/wwwroot/MgHash
2022/06/12 05:20:44 16892 : å¯åŠ¨å­è¿›ç¨‹æˆåŠŸ: -> 16897 
 
2022/06/12 05:20:44 ç¨‹åºè¿è¡Œè·¯å¾„:/www/wwwroot/MgHash
2022/06/12 05:20:44 å­è¿›ç¨‹pid=16897: å¼€å§‹è¿è¡Œ...
å€¼:MgHashè¯»å–é…ç½®æˆåŠŸ
æ•°æ®åº“å·²ç»å­˜åœ¨äº†!
æ•°æ®åº“å·²ç»å­˜åœ¨äº†!
æ•°æ®åº“å·²ç»å­˜åœ¨äº†!
æ•°æ®åº“å·²ç»å­˜åœ¨äº†!
æ•°æ®åº“å·²ç»å­˜åœ¨äº†!
æ•°æ®åº“å·²ç»å­˜åœ¨äº†!
æ•°æ®åº“å·²ç»å­˜åœ¨äº†!
æ•°æ®åº“å·²ç»å­˜åœ¨äº†!
0
0
0
0
0
[GIN-debug] [WARNING] Running in "debug" mode. Switch to "release" mode in production.
 - using env:	export GIN_MODE=release
 - using code:	gin.SetMode(gin.ReleaseMode)

[GIN-debug] GET    /static/*filepath         --> github.com/gin-gonic/gin.(*RouterGroup).createStaticHandler.func1 (5 handlers)
[GIN-debug] HEAD   /static/*filepath         --> github.com/gin-gonic/gin.(*RouterGroup).createStaticHandler.func1 (5 handlers)
[GIN-debug] GET    /transactions             --> github.com/wangyi/MgHash/controller.Transactions (5 handlers)
[GIN-debug] GET    /GetTransactionInfoById   --> github.com/wangyi/MgHash/controller.GetTransactionInfoById (5 handlers)
[GIN-debug] GET    /SetPlay                  --> github.com/wangyi/MgHash/controller.SetPlay (5 handlers)
[GIN-debug] GET    /GetRecord                --> github.com/wangyi/MgHash/controller.GetRecord (5 handlers)
[GIN-debug] POST   /testApi                  --> github.com/wangyi/MgHash/controller.ReceivePush (5 handlers)
[GIN-debug] POST   /ReceivePush              --> github.com/wangyi/MgHash/controller.ReceivePush (5 handlers)
[GIN-debug] GET    /SetEverydayStatistics    --> github.com/wangyi/MgHash/controller.SetEverydayStatistics (5 handlers)
[GIN-debug] GET    /GetEverydayStatistics    --> github.com/wangyi/MgHash/controller.GetEverydayStatistics (5 handlers)
[GIN-debug] GET    /getL                     --> github.com/wangyi/MgHash/logger.GinRecovery.func1 (4 handlers)
[GIN-debug] GET    /GetUsers                 --> github.com/wangyi/MgHash/controller.GetUsers (5 handlers)
[GIN-debug] GET    /web_api/register         --> github.com/wangyi/MgHash/controller/web_api.Register (5 handlers)
[GIN-debug] GET    /web_api/login            --> github.com/wangyi/MgHash/controller/web_api.Login (5 handlers)
[GIN-debug] GET    /web_api/getConfig        --> github.com/wangyi/MgHash/controller/web_api.GetConfig (5 handlers)
[GIN-debug] GET    /web_api/eeaMoney         --> github.com/wangyi/MgHash/controller/web_api.EeaMoney (5 handlers)
[GIN-debug] GET    /web_api/getBetsList      --> github.com/wangyi/MgHash/controller/web_api.GetBetsList (5 handlers)
[GIN-debug] GET    /web_api/myInvite         --> github.com/wangyi/MgHash/controller/web_api.MyInvite (5 handlers)
---
[GIN-debug] [WARNING] You trusted all proxies, this is NOT safe. We recommend you to set a value.
Please check https://pkg.go.dev/github.com/gin-gonic/gin#readme-don-t-trust-all-proxies for details.
[GIN-debug] Listening and serving HTTP on :8080
0
0
0
0
0
0
0
0
0
0
0
0
0
0
0
50
0
0
0
0
50
0
0
0
0
[GIN-debug] [WARNING] Headers were already written. Wanted to override status code 200 with 404
50
0
0
0
0
0
0
0
0
0
0
0
0
0
0
0
0
0
0
0
0
0
0
0
0
0
0
0
0
0
0
0
0
0
0
0
0
0
0
0
0
0
0
0
0
0
0
0
0
0
0
0
0
0
0
0
0
0
0
0
0
0
0
0
0
0
0
0
0
0
0
0
0
0
0
4
0
0
0
0
[GIN-debug] [WARNING] Headers were already written. Wanted to override status code 200 with 404
4
0
0
0
0
0
0
0
0
0
0
0
0
0
0
0
0.09
0
0.09
0
0
0.09
0
0.09
0
0
0.09
0
0.09
0
50
0.09
0
0.09
0
100
0.09
0
0.09
0
panic: runtime error: slice bounds out of range [-3:]

goroutine 29 [running]:
github.com/wangyi/MgHash/util.DsResult(0x0, 0x0, 0x4049000000000000, 0x0)
	/www/wwwroot/MgHash/util/util.go:123 +0x32a
github.com/wangyi/MgHash/model.GetBlockHash(0xc000626710, 0x8, 0x20ca, 0xc, 0xc0006266f2, 0x3, 0xc0003cab80, 0x40, 0xc0008ce180, 0x22, ...)
	/www/wwwroot/MgHash/model/transactionRecordModel.go:306 +0x14ce
github.com/wangyi/MgHash/model.GetResult(0xc0003a3380)
	/www/wwwroot/MgHash/model/transactionRecordModel.go:366 +0x2c5
created by github.com/wangyi/MgHash/cmd.run
	/www/wwwroot/MgHash/cmd/server.go:99 +0x45d
2022/06/15 22:11:07 å®ˆæŠ¤è¿›ç¨‹(pid:16892; count:1/0; errNum:0/10): ç›‘è§†åˆ°å­è¿›ç¨‹(16897)é€€å‡º, å…±è¿è¡Œäº†319823ç§’: exit status 2
2022/06/15 22:11:07 16892 : å¯åŠ¨å­è¿›ç¨‹æˆåŠŸ: -> 20621 
 
2022/06/15 22:11:07 ç¨‹åºè¿è¡Œè·¯å¾„:/www/wwwroot/MgHash
2022/06/15 22:11:07 å­è¿›ç¨‹pid=20621: å¼€å§‹è¿è¡Œ...
å€¼:MgHashè¯»å–é…ç½®æˆåŠŸ
æ•°æ®åº“å·²ç»å­˜åœ¨äº†!
æ•°æ®åº“å·²ç»å­˜åœ¨äº†!
æ•°æ®åº“å·²ç»å­˜åœ¨äº†!
æ•°æ®åº“å·²ç»å­˜åœ¨äº†!
æ•°æ®åº“å·²ç»å­˜åœ¨äº†!
æ•°æ®åº“å·²ç»å­˜åœ¨äº†!
æ•°æ®åº“å·²ç»å­˜åœ¨äº†!
æ•°æ®åº“å·²ç»å­˜åœ¨äº†!
150
0.09
panic: runtime error: slice bounds out of range [-3:]

goroutine 10 [running]:
github.com/wangyi/MgHash/util.DsResult(0x0, 0x0, 0x4049000000000000, 0x0)
	/www/wwwroot/MgHash/util/util.go:123 +0x32a
github.com/wangyi/MgHash/model.GetBlockHash(0xc000438a70, 0x8, 0x20ca, 0xc, 0xc000438a52, 0x3, 0xc00003e180, 0x40, 0xc0000ac450, 0x22, ...)
	/www/wwwroot/MgHash/model/transactionRecordModel.go:306 +0x14ce
github.com/wangyi/MgHash/model.GetResult(0xc0004232b0)
	/www/wwwroot/MgHash/model/transactionRecordModel.go:366 +0x2c5
created by github.com/wangyi/MgHash/cmd.run
	/www/wwwroot/MgHash/cmd/server.go:99 +0x45d
2022/06/15 22:11:08 å®ˆæŠ¤è¿›ç¨‹(pid:16892; count:2/0; errNum:0/10): ç›‘è§†åˆ°å­è¿›ç¨‹(20621)é€€å‡º, å…±è¿è¡Œäº†1ç§’: exit status 2
2022/06/15 22:11:08 16892 : å¯åŠ¨å­è¿›ç¨‹æˆåŠŸ: -> 20628 
 
2022/06/15 22:11:08 ç¨‹åºè¿è¡Œè·¯å¾„:/www/wwwroot/MgHash
2022/06/15 22:11:08 å­è¿›ç¨‹pid=20628: å¼€å§‹è¿è¡Œ...
å€¼:MgHashè¯»å–é…ç½®æˆåŠŸ
æ•°æ®åº“å·²ç»å­˜åœ¨äº†!
æ•°æ®åº“å·²ç»å­˜åœ¨äº†!
æ•°æ®åº“å·²ç»å­˜åœ¨äº†!
æ•°æ®åº“å·²ç»å­˜åœ¨äº†!
æ•°æ®åº“å·²ç»å­˜åœ¨äº†!
æ•°æ®åº“å·²ç»å­˜åœ¨äº†!
æ•°æ®åº“å·²ç»å­˜åœ¨äº†!
æ•°æ®åº“å·²ç»å­˜åœ¨äº†!
150
0.09
0
0.09
0
[GIN-debug] [WARNING] Running in "debug" mode. Switch to "release" mode in production.
 - using env:	export GIN_MODE=release
 - using code:	gin.SetMode(gin.ReleaseMode)

[GIN-debug] GET    /static/*filepath         --> github.com/gin-gonic/gin.(*RouterGroup).createStaticHandler.func1 (5 handlers)
[GIN-debug] HEAD   /static/*filepath         --> github.com/gin-gonic/gin.(*RouterGroup).createStaticHandler.func1 (5 handlers)
[GIN-debug] GET    /transactions             --> github.com/wangyi/MgHash/controller.Transactions (5 handlers)
[GIN-debug] GET    /GetTransactionInfoById   --> github.com/wangyi/MgHash/controller.GetTransactionInfoById (5 handlers)
[GIN-debug] GET    /SetPlay                  --> github.com/wangyi/MgHash/controller.SetPlay (5 handlers)
[GIN-debug] GET    /GetRecord                --> github.com/wangyi/MgHash/controller.GetRecord (5 handlers)
[GIN-debug] POST   /testApi                  --> github.com/wangyi/MgHash/controller.ReceivePush (5 handlers)
[GIN-debug] POST   /ReceivePush              --> github.com/wangyi/MgHash/controller.ReceivePush (5 handlers)
[GIN-debug] GET    /SetEverydayStatistics    --> github.com/wangyi/MgHash/controller.SetEverydayStatistics (5 handlers)
[GIN-debug] GET    /GetEverydayStatistics    --> github.com/wangyi/MgHash/controller.GetEverydayStatistics (5 handlers)
[GIN-debug] GET    /getL                     --> github.com/wangyi/MgHash/logger.GinRecovery.func1 (4 handlers)
[GIN-debug] GET    /GetUsers                 --> github.com/wangyi/MgHash/controller.GetUsers (5 handlers)
[GIN-debug] GET    /web_api/register         --> github.com/wangyi/MgHash/controller/web_api.Register (5 handlers)
[GIN-debug] GET    /web_api/login            --> github.com/wangyi/MgHash/controller/web_api.Login (5 handlers)
[GIN-debug] GET    /web_api/getConfig        --> github.com/wangyi/MgHash/controller/web_api.GetConfig (5 handlers)
[GIN-debug] GET    /web_api/eeaMoney         --> github.com/wangyi/MgHash/controller/web_api.EeaMoney (5 handlers)
[GIN-debug] GET    /web_api/getBetsList      --> github.com/wangyi/MgHash/controller/web_api.GetBetsList (5 handlers)
[GIN-debug] GET    /web_api/myInvite         --> github.com/wangyi/MgHash/controller/web_api.MyInvite (5 handlers)
---
[GIN-debug] [WARNING] You trusted all proxies, this is NOT safe. We recommend you to set a value.
Please check https://pkg.go.dev/github.com/gin-gonic/gin#readme-don-t-trust-all-proxies for details.
[GIN-debug] Listening and serving HTTP on :8080
0
0
0
0
0
0
0
0
0
0
0
0
0
0
0
0
0
0
0
0
0
0
0
0
0
0
0
0
0
0
[GIN-debug] [WARNING] Headers were already written. Wanted to override status code 200 with 404
100
0
0
0
0
200
0
0
0
0
2022/06/16 23:32:39 telebot: Post "https://api.telegram.org/bot5445640379:AAETpJt9-ZxrZzfpLp38X4S7t5VHGq-aK0A/getUpdates": read tcp 172.31.138.60:60484->149.154.167.220:443: read: connection reset by peer
47.9
0
0
0
0
47.9
0
0
0
0
47.9
0
0
0
0
47.9
0
0
0
0
47.9
0
0
0
0
197.9
0
0
0
0
panic: runtime error: slice bounds out of range [-3:]

goroutine 13 [running]:
github.com/wangyi/MgHash/util.DsResult(0x0, 0x0, 0x4038000000000000, 0x0)
	/www/wwwroot/MgHash/util/util.go:123 +0x32a
github.com/wangyi/MgHash/model.GetBlockHash(0xc00032bcd0, 0x8, 0x20de, 0xc, 0xc00032bcb2, 0x3, 0xc0004a9940, 0x40, 0xc0000af4d0, 0x22, ...)
	/www/wwwroot/MgHash/model/transactionRecordModel.go:306 +0x14ce
github.com/wangyi/MgHash/model.GetResult(0xc000383c70)
	/www/wwwroot/MgHash/model/transactionRecordModel.go:366 +0x2c5
created by github.com/wangyi/MgHash/cmd.run
	/www/wwwroot/MgHash/cmd/server.go:99 +0x45d
2022/06/17 18:20:15 å®ˆæŠ¤è¿›ç¨‹(pid:16892; count:3/0; errNum:1/10): ç›‘è§†åˆ°å­è¿›ç¨‹(20628)é€€å‡º, å…±è¿è¡Œäº†158947ç§’: exit status 2
2022/06/17 18:20:15 16892 : å¯åŠ¨å­è¿›ç¨‹æˆåŠŸ: -> 20931 
 
2022/06/17 18:20:15 ç¨‹åºè¿è¡Œè·¯å¾„:/www/wwwroot/MgHash
2022/06/17 18:20:15 å­è¿›ç¨‹pid=20931: å¼€å§‹è¿è¡Œ...
å€¼:MgHashè¯»å–é…ç½®æˆåŠŸ
æ•°æ®åº“å·²ç»å­˜åœ¨äº†!
æ•°æ®åº“å·²ç»å­˜åœ¨äº†!
æ•°æ®åº“å·²ç»å­˜åœ¨äº†!
æ•°æ®åº“å·²ç»å­˜åœ¨äº†!
æ•°æ®åº“å·²ç»å­˜åœ¨äº†!
æ•°æ®åº“å·²ç»å­˜åœ¨äº†!
æ•°æ®åº“å·²ç»å­˜åœ¨äº†!
æ•°æ®åº“å·²ç»å­˜åœ¨äº†!
221.9
0
0
0
0
[GIN-debug] [WARNING] Running in "debug" mode. Switch to "release" mode in production.
 - using env:	export GIN_MODE=release
 - using code:	gin.SetMode(gin.ReleaseMode)

[GIN-debug] GET    /static/*filepath         --> github.com/gin-gonic/gin.(*RouterGroup).createStaticHandler.func1 (5 handlers)
[GIN-debug] HEAD   /static/*filepath         --> github.com/gin-gonic/gin.(*RouterGroup).createStaticHandler.func1 (5 handlers)
[GIN-debug] GET    /transactions             --> github.com/wangyi/MgHash/controller.Transactions (5 handlers)
[GIN-debug] GET    /GetTransactionInfoById   --> github.com/wangyi/MgHash/controller.GetTransactionInfoById (5 handlers)
[GIN-debug] GET    /SetPlay                  --> github.com/wangyi/MgHash/controller.SetPlay (5 handlers)
[GIN-debug] GET    /GetRecord                --> github.com/wangyi/MgHash/controller.GetRecord (5 handlers)
[GIN-debug] POST   /testApi                  --> github.com/wangyi/MgHash/controller.ReceivePush (5 handlers)
[GIN-debug] POST   /ReceivePush              --> github.com/wangyi/MgHash/controller.ReceivePush (5 handlers)
[GIN-debug] GET    /SetEverydayStatistics    --> github.com/wangyi/MgHash/controller.SetEverydayStatistics (5 handlers)
[GIN-debug] GET    /GetEverydayStatistics    --> github.com/wangyi/MgHash/controller.GetEverydayStatistics (5 handlers)
[GIN-debug] GET    /getL                     --> github.com/wangyi/MgHash/logger.GinRecovery.func1 (4 handlers)
[GIN-debug] GET    /GetUsers                 --> github.com/wangyi/MgHash/controller.GetUsers (5 handlers)
[GIN-debug] GET    /web_api/register         --> github.com/wangyi/MgHash/controller/web_api.Register (5 handlers)
[GIN-debug] GET    /web_api/login            --> github.com/wangyi/MgHash/controller/web_api.Login (5 handlers)
[GIN-debug] GET    /web_api/getConfig        --> github.com/wangyi/MgHash/controller/web_api.GetConfig (5 handlers)
[GIN-debug] GET    /web_api/eeaMoney         --> github.com/wangyi/MgHash/controller/web_api.EeaMoney (5 handlers)
[GIN-debug] GET    /web_api/getBetsList      --> github.com/wangyi/MgHash/controller/web_api.GetBetsList (5 handlers)
[GIN-debug] GET    /web_api/myInvite         --> github.com/wangyi/MgHash/controller/web_api.MyInvite (5 handlers)
---
[GIN-debug] [WARNING] You trusted all proxies, this is NOT safe. We recommend you to set a value.
Please check https://pkg.go.dev/github.com/gin-gonic/gin#readme-don-t-trust-all-proxies for details.
[GIN-debug] Listening and serving HTTP on :8080
495.9
0
0
0
0
100
0
0
0
0
350
0
0
0
0
350
0
0
0
0
350
0
0
0
0
[GIN-debug] [WARNING] Headers were already written. Wanted to override status code 200 with 404
350
0
0
0
0
350
0
0
0
0
658.6
0
0
0
0
1368.85
0
0
0
0
panic: runtime error: slice bounds out of range [-3:]

goroutine 9 [running]:
github.com/wangyi/MgHash/util.DsResult(0x0, 0x0, 0x4008000000000000, 0x0)
	/www/wwwroot/MgHash/util/util.go:123 +0x32a
github.com/wangyi/MgHash/model.GetBlockHash(0xc00046cb20, 0x8, 0x2120, 0xc, 0xc00046cb02, 0x3, 0xc00063e600, 0x40, 0xc00049e390, 0x22, ...)
	/www/wwwroot/MgHash/model/transactionRecordModel.go:306 +0x14ce
github.com/wangyi/MgHash/model.GetResult(0xc0003aaf70)
	/www/wwwroot/MgHash/model/transactionRecordModel.go:366 +0x2c5
created by github.com/wangyi/MgHash/cmd.run
	/www/wwwroot/MgHash/cmd/server.go:99 +0x45d
2022/06/18 21:35:21 å®ˆæŠ¤è¿›ç¨‹(pid:16892; count:4/0; errNum:0/10): ç›‘è§†åˆ°å­è¿›ç¨‹(20931)é€€å‡º, å…±è¿è¡Œäº†98106ç§’: exit status 2
2022/06/18 21:35:21 16892 : å¯åŠ¨å­è¿›ç¨‹æˆåŠŸ: -> 24087 
 
2022/06/18 21:35:21 ç¨‹åºè¿è¡Œè·¯å¾„:/www/wwwroot/MgHash
2022/06/18 21:35:21 å­è¿›ç¨‹pid=24087: å¼€å§‹è¿è¡Œ...
å€¼:MgHashè¯»å–é…ç½®æˆåŠŸ
æ•°æ®åº“å·²ç»å­˜åœ¨äº†!
æ•°æ®åº“å·²ç»å­˜åœ¨äº†!
æ•°æ®åº“å·²ç»å­˜åœ¨äº†!
æ•°æ®åº“å·²ç»å­˜åœ¨äº†!
æ•°æ®åº“å·²ç»å­˜åœ¨äº†!
æ•°æ®åº“å·²ç»å­˜åœ¨äº†!
æ•°æ®åº“å·²ç»å­˜åœ¨äº†!
æ•°æ®åº“å·²ç»å­˜åœ¨äº†!
1391.85
0
0
0
0
[GIN-debug] [WARNING] Running in "debug" mode. Switch to "release" mode in production.
 - using env:	export GIN_MODE=release
 - using code:	gin.SetMode(gin.ReleaseMode)

[GIN-debug] GET    /static/*filepath         --> github.com/gin-gonic/gin.(*RouterGroup).createStaticHandler.func1 (5 handlers)
[GIN-debug] HEAD   /static/*filepath         --> github.com/gin-gonic/gin.(*RouterGroup).createStaticHandler.func1 (5 handlers)
[GIN-debug] GET    /transactions             --> github.com/wangyi/MgHash/controller.Transactions (5 handlers)
[GIN-debug] GET    /GetTransactionInfoById   --> github.com/wangyi/MgHash/controller.GetTransactionInfoById (5 handlers)
[GIN-debug] GET    /SetPlay                  --> github.com/wangyi/MgHash/controller.SetPlay (5 handlers)
[GIN-debug] GET    /GetRecord                --> github.com/wangyi/MgHash/controller.GetRecord (5 handlers)
[GIN-debug] POST   /testApi                  --> github.com/wangyi/MgHash/controller.ReceivePush (5 handlers)
[GIN-debug] POST   /ReceivePush              --> github.com/wangyi/MgHash/controller.ReceivePush (5 handlers)
[GIN-debug] GET    /SetEverydayStatistics    --> github.com/wangyi/MgHash/controller.SetEverydayStatistics (5 handlers)
[GIN-debug] GET    /GetEverydayStatistics    --> github.com/wangyi/MgHash/controller.GetEverydayStatistics (5 handlers)
[GIN-debug] GET    /getL                     --> github.com/wangyi/MgHash/logger.GinRecovery.func1 (4 handlers)
[GIN-debug] GET    /GetUsers                 --> github.com/wangyi/MgHash/controller.GetUsers (5 handlers)
[GIN-debug] GET    /web_api/register         --> github.com/wangyi/MgHash/controller/web_api.Register (5 handlers)
[GIN-debug] GET    /web_api/login            --> github.com/wangyi/MgHash/controller/web_api.Login (5 handlers)
[GIN-debug] GET    /web_api/getConfig        --> github.com/wangyi/MgHash/controller/web_api.GetConfig (5 handlers)
[GIN-debug] GET    /web_api/eeaMoney         --> github.com/wangyi/MgHash/controller/web_api.EeaMoney (5 handlers)
[GIN-debug] GET    /web_api/getBetsList      --> github.com/wangyi/MgHash/controller/web_api.GetBetsList (5 handlers)
[GIN-debug] GET    /web_api/myInvite         --> github.com/wangyi/MgHash/controller/web_api.MyInvite (5 handlers)
---
[GIN-debug] [WARNING] You trusted all proxies, this is NOT safe. We recommend you to set a value.
Please check https://pkg.go.dev/github.com/gin-gonic/gin#readme-don-t-trust-all-proxies for details.
[GIN-debug] Listening and serving HTTP on :8080
0
0
0
0
0
1.05
0
0
0
0
1.05
0
0
0
0
1.05
0
0
0
0
78.05
0
0
0
0
78.05
0
0
0
0
274.3
0
0
0
0
panic: runtime error: slice bounds out of range [-3:]

goroutine 11 [running]:
github.com/wangyi/MgHash/util.DsResult(0x0, 0x0, 0x4037000000000000, 0x0)
	/www/wwwroot/MgHash/util/util.go:123 +0x32a
github.com/wangyi/MgHash/model.GetBlockHash(0xc000542a10, 0x8, 0x214b, 0xc, 0xc0005429e2, 0x3, 0xc00086fa80, 0x40, 0xc00096ff80, 0x22, ...)
	/www/wwwroot/MgHash/model/transactionRecordModel.go:306 +0x14ce
github.com/wangyi/MgHash/model.GetResult(0xc0003ab040)
	/www/wwwroot/MgHash/model/transactionRecordModel.go:366 +0x2c5
created by github.com/wangyi/MgHash/cmd.run
	/www/wwwroot/MgHash/cmd/server.go:99 +0x45d
2022/06/19 20:23:39 å®ˆæŠ¤è¿›ç¨‹(pid:16892; count:5/0; errNum:0/10): ç›‘è§†åˆ°å­è¿›ç¨‹(24087)é€€å‡º, å…±è¿è¡Œäº†82098ç§’: exit status 2
2022/06/19 20:23:39 16892 : å¯åŠ¨å­è¿›ç¨‹æˆåŠŸ: -> 10613 
 
2022/06/19 20:23:39 ç¨‹åºè¿è¡Œè·¯å¾„:/www/wwwroot/MgHash
2022/06/19 20:23:39 å­è¿›ç¨‹pid=10613: å¼€å§‹è¿è¡Œ...
å€¼:MgHashè¯»å–é…ç½®æˆåŠŸ
æ•°æ®åº“å·²ç»å­˜åœ¨äº†!
æ•°æ®åº“å·²ç»å­˜åœ¨äº†!
æ•°æ®åº“å·²ç»å­˜åœ¨äº†!
æ•°æ®åº“å·²ç»å­˜åœ¨äº†!
æ•°æ®åº“å·²ç»å­˜åœ¨äº†!
æ•°æ®åº“å·²ç»å­˜åœ¨äº†!
æ•°æ®åº“å·²ç»å­˜åœ¨äº†!
æ•°æ®åº“å·²ç»å­˜åœ¨äº†!
834.23
0
0
0
0
[GIN-debug] [WARNING] Running in "debug" mode. Switch to "release" mode in production.
 - using env:	export GIN_MODE=release
 - using code:	gin.SetMode(gin.ReleaseMode)

[GIN-debug] GET    /static/*filepath         --> github.com/gin-gonic/gin.(*RouterGroup).createStaticHandler.func1 (5 handlers)
[GIN-debug] HEAD   /static/*filepath         --> github.com/gin-gonic/gin.(*RouterGroup).createStaticHandler.func1 (5 handlers)
[GIN-debug] GET    /transactions             --> github.com/wangyi/MgHash/controller.Transactions (5 handlers)
[GIN-debug] GET    /GetTransactionInfoById   --> github.com/wangyi/MgHash/controller.GetTransactionInfoById (5 handlers)
[GIN-debug] GET    /SetPlay                  --> github.com/wangyi/MgHash/controller.SetPlay (5 handlers)
[GIN-debug] GET    /GetRecord                --> github.com/wangyi/MgHash/controller.GetRecord (5 handlers)
[GIN-debug] POST   /testApi                  --> github.com/wangyi/MgHash/controller.ReceivePush (5 handlers)
[GIN-debug] POST   /ReceivePush              --> github.com/wangyi/MgHash/controller.ReceivePush (5 handlers)
[GIN-debug] GET    /SetEverydayStatistics    --> github.com/wangyi/MgHash/controller.SetEverydayStatistics (5 handlers)
[GIN-debug] GET    /GetEverydayStatistics    --> github.com/wangyi/MgHash/controller.GetEverydayStatistics (5 handlers)
[GIN-debug] GET    /getL                     --> github.com/wangyi/MgHash/logger.GinRecovery.func1 (4 handlers)
[GIN-debug] GET    /GetUsers                 --> github.com/wangyi/MgHash/controller.GetUsers (5 handlers)
[GIN-debug] GET    /web_api/register         --> github.com/wangyi/MgHash/controller/web_api.Register (5 handlers)
[GIN-debug] GET    /web_api/login            --> github.com/wangyi/MgHash/controller/web_api.Login (5 handlers)
[GIN-debug] GET    /web_api/getConfig        --> github.com/wangyi/MgHash/controller/web_api.GetConfig (5 handlers)
[GIN-debug] GET    /web_api/eeaMoney         --> github.com/wangyi/MgHash/controller/web_api.EeaMoney (5 handlers)
[GIN-debug] GET    /web_api/getBetsList      --> github.com/wangyi/MgHash/controller/web_api.GetBetsList (5 handlers)
[GIN-debug] GET    /web_api/myInvite         --> github.com/wangyi/MgHash/controller/web_api.MyInvite (5 handlers)
---
[GIN-debug] [WARNING] You trusted all proxies, this is NOT safe. We recommend you to set a value.
Please check https://pkg.go.dev/github.com/gin-gonic/gin#readme-don-t-trust-all-proxies for details.
[GIN-debug] Listening and serving HTTP on :8080
1500.23
0
0
0
0
0
0
0
0
0
0
0
0
0
0
2022/06/20 07:00:50 telegram: Bad Gateway (502)
2022/06/20 07:00:50 telegram: Bad Gateway (502)
2022/06/20 07:00:51 telegram: Bad Gateway (502)
2022/06/20 07:00:51 telegram: Bad Gateway (502)
2022/06/20 07:00:51 telegram: Bad Gateway (502)
2022/06/20 07:00:51 telegram: Bad Gateway (502)
2022/06/20 07:00:52 telegram: Bad Gateway (502)
2022/06/20 07:00:52 telegram: Bad Gateway (502)
2022/06/20 07:00:52 telegram: Bad Gateway (502)
0
0
0
0
0
0
0
0
0
0
0
0
0
0
0
0
0
0
0
0
0
0
0
0
0
25
0
0
0
0
0
0
0
0
0
0
0
0
0
0
0
0
0
0
0
2022/06/21 08:54:25 telegram: Bad Gateway (502)
2022/06/21 08:54:25 telegram: Bad Gateway (502)
2022/06/21 08:54:25 telegram: Bad Gateway (502)
2022/06/21 08:54:25 telegram: Bad Gateway (502)
2022/06/21 08:54:26 telegram: Bad Gateway (502)
2022/06/21 08:54:26 telegram: Bad Gateway (502)
2022/06/21 08:54:26 telegram: Bad Gateway (502)
0
0
0
0
0
0
0
0
0
0
34
0
0
0
0
104
0
0
0
0
229
0
0
0
0
25
0
0
0
0
25
0
0
0
0
25
0
0
0
0
25
0
0
0
0
25
0
0
0
0
25
0
0
0
0
25
0
0
0
0
25
0
0
0
0
0
0
0
0
0
0
0
0
0
0
[GIN-debug] [WARNING] Headers were already written. Wanted to override status code 200 with 404
0
0
0
0
0
0
0
0
0
0
20
0
0
0
0
30
0
0
0
0
30
0
0
0
0
30
0
0
0
0
22
0
0
0
0
22
0
0
0
0
22
0
0
0
0
22
0
0
0
0
47
0
0
0
0
47
0
0
0
0
47
0
0
0
0
47
0
0
0
0
0
0
0
0
0
0
0
0
0
0
0
0
0
0
0
0
0
0
0
0
0
0
0
0
0
10
0
0
0
0
10
0
0
0
0
103.16
0
0
0
0
0
0
0
0
0
[GIN-debug] [WARNING] Headers were already written. Wanted to override status code 200 with 404
0
0
0
0
0
0
0
0
0
0
0
0
0
0
0
0
0
0
0
0
0
0
0
0
0
24
0
0
0
0
24
0
0
0
0
0
0
0
0
0
0
0
0
0
0
0
0
0
0
0
0
0
0
0
0
0
0
0
0
0
0
0
0
0
0
0
0
0
0
0
0
0
0
0
0
82
0
0
0
0
82
0
0
0
0
82
0
0
0
0
82
0
0
0
0
82
0
0
0
0
82
0
0
0
0
82
0
0
0
0
82
0
0
0
0
0
0
0
0
0
0
0
0
0
0
0
0
0
0
0
0
0
0
0
0
0
0
0
0
0
0
0
0
0
0
0
0
0
0
0
0
0
0
0
0
0
0
0
0
0
0
0
0
0
0
0
0
0
0
0
0
0
0
0
0
[GIN-debug] [WARNING] Headers were already written. Wanted to override status code 200 with 404
25
0
0
0
0
79
0
0
0
0
79
0
0
0
0
79
0
0
0
0
0
0
0
0
0
0
0
0
0
0
0
0
0
0
0
0
0
0
0
0
0
0
0
0
0
0
0
0
0
0
0
0
0
0
0
10
0
0
0
0
0
0
0
0
0
[GIN-debug] [WARNING] Headers were already written. Wanted to override status code 200 with 404
0
0
0
0
0
0
0
0
0
0
0
0
0
0
0
10
0
0
0
0
10
0
0
0
0
10
0
0
0
0
10
0
0
0
0
0
0
0
0
0
0
0
0
0
0
0
0
0
0
0
false
0
0
0
0
0
0
0
0
0
0
10
0
0
0
0
10
0
0
0
0
10
0
0
0
0
0
0
0
0
0
0
0
0
0
0
0
0
0
0
0
0
0
0
0
0
0
0
0
0
0
2022/07/04 16:32:55 telebot: Post "https://api.telegram.org/bot5445640379:AAETpJt9-ZxrZzfpLp38X4S7t5VHGq-aK0A/getUpdates": read tcp 172.31.138.60:59782->149.154.167.220:443: read: connection reset by peer
0
0
0
0
0
10
0
0
0
0
10
0
0
0
0
0
0
0
0
0
0
0
0
0
0
0
0
0
0
0
0
0
0
0
0
75
0
0
0
0
125
0
0
0
0
496
0
0
0
0
626
0
0
0
0
2399
0
0
0
0
2399
0
0
0
0
2399
0
0
0
0
2399
0
0
0
0
2424
0
0
0
0
2681
0
0
0
0
2892.25
0
0
0
0
3022.25
0
0
0
0
0
0
0
0
0
0
0
0
0
0
0
0
0
0
0
0
0
0
0
0
0
0
0
0
0
[GIN-debug] [WARNING] Headers were already written. Wanted to override status code 200 with 404
125
0
0
0
0
274
0
0
0
0
424
0
0
0
0
0
0
0
0
0
0
0
0
0
0
0
0
0
0
0
0
0
0
0
0
25
0
0
0
0
25
0
0
0
0
171.3
11
0
0
0
